# JRE version: OpenJDK Runtime Environment (17.0.7) (build 17.0.7+0-b2043.56-10550314)
# Java VM: OpenJDK 64-Bit Server VM (17.0.7+0-b2043.56-10550314, mixed mode, tiered, compressed oops, compressed class ptrs, g1 gc, windows-amd64)
GC Precious Log:
 CPUs: 8 total, 8 available
 Memory: 6030M
 Large Page Support: Disabled
 NUMA Support: Disabled
 Compressed Oops: Enabled (32-bit)
 Heap Region Size: 1M
 Heap Min Capacity: 8M
 Heap Initial Capacity: 96M
 Heap Max Capacity: 2G
 Pre-touch: Disabled
 Parallel Workers: 8
 Concurrent Workers: 2
 Concurrent Refinement Workers: 8
 Periodic GC: Disabled
Heap:
 garbage-first heap   total 463872K, used 172605K [0x0000000080000000, 0x0000000100000000)
  region size 1024K, 2 young (2048K), 2 survivors (2048K)
 Metaspace       used 131540K, committed 132544K, reserved 1179648K
  class space    used 17654K, committed 18176K, reserved 1048576K
GC Heap History (20 events):
Event: 1039.397 GC heap after
{Heap after GC invocations=76 (full 0):
 garbage-first heap   total 463872K, used 141525K [0x0000000080000000, 0x0000000100000000)
  region size 1024K, 2 young (2048K), 2 survivors (2048K)
 Metaspace       used 129873K, committed 130688K, reserved 1179648K
  class space    used 17501K, committed 17920K, reserved 1048576K
}
Event: 1112.311 GC heap before
{Heap before GC invocations=76 (full 0):
 garbage-first heap   total 463872K, used 279765K [0x0000000080000000, 0x0000000100000000)
  region size 1024K, 139 young (142336K), 2 survivors (2048K)
 Metaspace       used 130640K, committed 131520K, reserved 1179648K
  class space    used 17576K, committed 18048K, reserved 1048576K
}
Event: 1112.478 GC heap after
{Heap after GC invocations=77 (full 0):
 garbage-first heap   total 463872K, used 149495K [0x0000000080000000, 0x0000000100000000)
  region size 1024K, 10 young (10240K), 10 survivors (10240K)
 Metaspace       used 130640K, committed 131520K, reserved 1179648K
  class space    used 17576K, committed 18048K, reserved 1048576K
}
Event: 1203.310 GC heap before
{Heap before GC invocations=78 (full 0):
 garbage-first heap   total 463872K, used 433143K [0x0000000080000000, 0x0000000100000000)
  region size 1024K, 175 young (179200K), 10 survivors (10240K)
 Metaspace       used 131198K, committed 132160K, reserved 1179648K
  class space    used 17625K, committed 18112K, reserved 1048576K
}
Event: 1203.715 GC heap after
{Heap after GC invocations=79 (full 0):
 garbage-first heap   total 463872K, used 145385K [0x0000000080000000, 0x0000000100000000)
  region size 1024K, 6 young (6144K), 6 survivors (6144K)
 Metaspace       used 131198K, committed 132160K, reserved 1179648K
  class space    used 17625K, committed 18112K, reserved 1048576K
}
Event: 1209.332 GC heap before
{Heap before GC invocations=79 (full 0):
 garbage-first heap   total 463872K, used 161769K [0x0000000080000000, 0x0000000100000000)
  region size 1024K, 22 young (22528K), 6 survivors (6144K)
 Metaspace       used 131338K, committed 132288K, reserved 1179648K
  class space    used 17635K, committed 18112K, reserved 1048576K
}
Event: 1209.835 GC heap after
{Heap after GC invocations=80 (full 0):
 garbage-first heap   total 463872K, used 141102K [0x0000000080000000, 0x0000000100000000)
  region size 1024K, 3 young (3072K), 3 survivors (3072K)
 Metaspace       used 131338K, committed 132288K, reserved 1179648K
  class space    used 17635K, committed 18112K, reserved 1048576K
}
Event: 1210.873 GC heap before
{Heap before GC invocations=80 (full 0):
 garbage-first heap   total 463872K, used 157486K [0x0000000080000000, 0x0000000100000000)
  region size 1024K, 20 young (20480K), 3 survivors (3072K)
 Metaspace       used 131354K, committed 132288K, reserved 1179648K
  class space    used 17635K, committed 18112K, reserved 1048576K
}
Event: 1210.938 GC heap after
{Heap after GC invocations=81 (full 0):
 garbage-first heap   total 463872K, used 144379K [0x0000000080000000, 0x0000000100000000)
  region size 1024K, 3 young (3072K), 3 survivors (3072K)
 Metaspace       used 131354K, committed 132288K, reserved 1179648K
  class space    used 17635K, committed 18112K, reserved 1048576K
}
Event: 1211.828 GC heap before
{Heap before GC invocations=81 (full 0):
 garbage-first heap   total 463872K, used 172027K [0x0000000080000000, 0x0000000100000000)
  region size 1024K, 28 young (28672K), 3 survivors (3072K)
 Metaspace       used 131368K, committed 132288K, reserved 1179648K
  class space    used 17635K, committed 18112K, reserved 1048576K
}
Event: 1211.870 GC heap after
{Heap after GC invocations=82 (full 0):
 garbage-first heap   total 463872K, used 161581K [0x0000000080000000, 0x0000000100000000)
  region size 1024K, 4 young (4096K), 4 survivors (4096K)
 Metaspace       used 131368K, committed 132288K, reserved 1179648K
  class space    used 17635K, committed 18112K, reserved 1048576K
}
Event: 1212.974 GC heap before
{Heap before GC invocations=82 (full 0):
 garbage-first heap   total 463872K, used 175917K [0x0000000080000000, 0x0000000100000000)
  region size 1024K, 22 young (22528K), 4 survivors (4096K)
 Metaspace       used 131391K, committed 132352K, reserved 1179648K
  class space    used 17635K, committed 18112K, reserved 1048576K
}
Event: 1212.999 GC heap after
{Heap after GC invocations=83 (full 0):
 garbage-first heap   total 463872K, used 167854K [0x0000000080000000, 0x0000000100000000)
  region size 1024K, 3 young (3072K), 3 survivors (3072K)
 Metaspace       used 131391K, committed 132352K, reserved 1179648K
  class space    used 17635K, committed 18112K, reserved 1048576K
}
Event: 1214.419 GC heap before
{Heap before GC invocations=84 (full 0):
 garbage-first heap   total 463872K, used 210862K [0x0000000080000000, 0x0000000100000000)
  region size 1024K, 22 young (22528K), 3 survivors (3072K)
 Metaspace       used 131493K, committed 132480K, reserved 1179648K
  class space    used 17650K, committed 18176K, reserved 1048576K
}
Event: 1214.442 GC heap after
{Heap after GC invocations=85 (full 0):
 garbage-first heap   total 463872K, used 169676K [0x0000000080000000, 0x0000000100000000)
  region size 1024K, 2 young (2048K), 2 survivors (2048K)
 Metaspace       used 131493K, committed 132480K, reserved 1179648K
  class space    used 17650K, committed 18176K, reserved 1048576K
}
Event: 1217.535 GC heap before
{Heap before GC invocations=85 (full 0):
 garbage-first heap   total 463872K, used 189132K [0x0000000080000000, 0x0000000100000000)
  region size 1024K, 22 young (22528K), 2 survivors (2048K)
 Metaspace       used 131516K, committed 132544K, reserved 1179648K
  class space    used 17654K, committed 18176K, reserved 1048576K
}
Event: 1217.545 GC heap after
{Heap after GC invocations=86 (full 0):
 garbage-first heap   total 463872K, used 170829K [0x0000000080000000, 0x0000000100000000)
  region size 1024K, 3 young (3072K), 3 survivors (3072K)
 Metaspace       used 131516K, committed 132544K, reserved 1179648K
  class space    used 17654K, committed 18176K, reserved 1048576K
}
Event: 1217.839 GC heap before
{Heap before GC invocations=86 (full 0):
 garbage-first heap   total 463872K, used 189261K [0x0000000080000000, 0x0000000100000000)
  region size 1024K, 22 young (22528K), 3 survivors (3072K)
 Metaspace       used 131533K, committed 132544K, reserved 1179648K
  class space    used 17654K, committed 18176K, reserved 1048576K
}
Event: 1217.862 GC heap after
{Heap after GC invocations=87 (full 0):
 garbage-first heap   total 463872K, used 171306K [0x0000000080000000, 0x0000000100000000)
  region size 1024K, 3 young (3072K), 3 survivors (3072K)
 Metaspace       used 131533K, committed 132544K, reserved 1179648K
  class space    used 17654K, committed 18176K, reserved 1048576K
}
Event: 1217.942 GC heap before
{Heap before GC invocations=87 (full 0):
 garbage-first heap   total 463872K, used 189738K [0x0000000080000000, 0x0000000100000000)
  region size 1024K, 22 young (22528K), 3 survivors (3072K)
 Metaspace       used 131540K, committed 132544K, reserved 1179648K
  class space    used 17654K, committed 18176K, reserved 1048576K
}

